# JRE version: Java(TM) SE Runtime Environment (8.0_112-b15) (build 1.8.0_112-b15)
# Java VM: Java HotSpot(TM) 64-Bit Server VM (25.112-b15 mixed mode windows-amd64 compressed oops)
Heap:
 PSYoungGen      total 320000K, used 127062K [0x00000000d6200000, 0x00000000f0c00000, 0x0000000100000000)
  eden space 313344K, 40% used [0x00000000d6200000,0x00000000dde159f0,0x00000000e9400000)
  from space 6656K, 0% used [0x00000000efe00000,0x00000000efe00000,0x00000000f0480000)
  to   space 61440K, 0% used [0x00000000e9400000,0x00000000e9400000,0x00000000ed000000)
 ParOldGen       total 161280K, used 149872K [0x0000000082600000, 0x000000008c380000, 0x00000000d6200000)
  object space 161280K, 92% used [0x0000000082600000,0x000000008b85c048,0x000000008c380000)
 Metaspace       used 114276K, capacity 119924K, committed 120856K, reserved 1155072K
  class space    used 13651K, capacity 14467K, committed 14632K, reserved 1048576K
GC Heap History (10 events):
Event: 1930.898 GC heap before
{Heap before GC invocations=47 (full 4):
 PSYoungGen      total 371712K, used 371704K [0x00000000d6200000, 0x00000000f2a00000, 0x0000000100000000)
  eden space 367104K, 100% used [0x00000000d6200000,0x00000000ec880000,0x00000000ec880000)
  from space 4608K, 99% used [0x00000000f2580000,0x00000000f29fe038,0x00000000f2a00000)
  to   space 33792K, 0% used [0x00000000ee800000,0x00000000ee800000,0x00000000f0900000)
 ParOldGen       total 161280K, used 96100K [0x0000000082600000, 0x000000008c380000, 0x00000000d6200000)
  object space 161280K, 59% used [0x0000000082600000,0x00000000883d9220,0x000000008c380000)
 Metaspace       used 114671K, capacity 120654K, committed 120856K, reserved 1155072K
  class space    used 13715K, capacity 14592K, committed 14632K, reserved 1048576K
Event: 1930.942 GC heap after
Heap after GC invocations=47 (full 4):
 PSYoungGen      total 375808K, used 22714K [0x00000000d6200000, 0x00000000f2600000, 0x0000000100000000)
  eden space 352768K, 0% used [0x00000000d6200000,0x00000000d6200000,0x00000000eba80000)
  from space 23040K, 98% used [0x00000000ee800000,0x00000000efe2ea18,0x00000000efe80000)
  to   space 34816K, 0% used [0x00000000f0400000,0x00000000f0400000,0x00000000f2600000)
 ParOldGen       total 161280K, used 96108K [0x0000000082600000, 0x000000008c380000, 0x00000000d6200000)
  object space 161280K, 59% used [0x0000000082600000,0x00000000883db220,0x000000008c380000)
 Metaspace       used 114671K, capacity 120654K, committed 120856K, reserved 1155072K
  class space    used 13715K, capacity 14592K, committed 14632K, reserved 1048576K
}
Event: 1947.123 GC heap before
{Heap before GC invocations=48 (full 4):
 PSYoungGen      total 375808K, used 375482K [0x00000000d6200000, 0x00000000f2600000, 0x0000000100000000)
  eden space 352768K, 100% used [0x00000000d6200000,0x00000000eba80000,0x00000000eba80000)
  from space 23040K, 98% used [0x00000000ee800000,0x00000000efe2ea18,0x00000000efe80000)
  to   space 34816K, 0% used [0x00000000f0400000,0x00000000f0400000,0x00000000f2600000)
 ParOldGen       total 161280K, used 96108K [0x0000000082600000, 0x000000008c380000, 0x00000000d6200000)
  object space 161280K, 59% used [0x0000000082600000,0x00000000883db220,0x000000008c380000)
 Metaspace       used 114675K, capacity 120654K, committed 120856K, reserved 1155072K
  class space    used 13715K, capacity 14592K, committed 14632K, reserved 1048576K
Event: 1947.193 GC heap after
Heap after GC invocations=48 (full 4):
 PSYoungGen      total 373760K, used 34794K [0x00000000d6200000, 0x00000000f2600000, 0x0000000100000000)
  eden space 338944K, 0% used [0x00000000d6200000,0x00000000d6200000,0x00000000ead00000)
  from space 34816K, 99% used [0x00000000f0400000,0x00000000f25faa48,0x00000000f2600000)
  to   space 40960K, 0% used [0x00000000ed600000,0x00000000ed600000,0x00000000efe00000)
 ParOldGen       total 161280K, used 99710K [0x0000000082600000, 0x000000008c380000, 0x00000000d6200000)
  object space 161280K, 61% used [0x0000000082600000,0x000000008875f880,0x000000008c380000)
 Metaspace       used 114675K, capacity 120654K, committed 120856K, reserved 1155072K
  class space    used 13715K, capacity 14592K, committed 14632K, reserved 1048576K
}
Event: 1961.982 GC heap before
{Heap before GC invocations=49 (full 4):
 PSYoungGen      total 373760K, used 373738K [0x00000000d6200000, 0x00000000f2600000, 0x0000000100000000)
  eden space 338944K, 100% used [0x00000000d6200000,0x00000000ead00000,0x00000000ead00000)
  from space 34816K, 99% used [0x00000000f0400000,0x00000000f25faa48,0x00000000f2600000)
  to   space 40960K, 0% used [0x00000000ed600000,0x00000000ed600000,0x00000000efe00000)
 ParOldGen       total 161280K, used 99710K [0x0000000082600000, 0x000000008c380000, 0x00000000d6200000)
  object space 161280K, 61% used [0x0000000082600000,0x000000008875f880,0x000000008c380000)
 Metaspace       used 114675K, capacity 120654K, committed 120856K, reserved 1155072K
  class space    used 13715K, capacity 14592K, committed 14632K, reserved 1048576K
Event: 1962.059 GC heap after
Heap after GC invocations=49 (full 4):
 PSYoungGen      total 366592K, used 40938K [0x00000000d6200000, 0x00000000f0480000, 0x0000000100000000)
  eden space 325632K, 0% used [0x00000000d6200000,0x00000000d6200000,0x00000000ea000000)
  from space 40960K, 99% used [0x00000000ed600000,0x00000000efdfa848,0x00000000efe00000)
  to   space 6656K, 0% used [0x00000000efe00000,0x00000000efe00000,0x00000000f0480000)
 ParOldGen       total 161280K, used 109803K [0x0000000082600000, 0x000000008c380000, 0x00000000d6200000)
  object space 161280K, 68% used [0x0000000082600000,0x000000008913af70,0x000000008c380000)
 Metaspace       used 114675K, capacity 120654K, committed 120856K, reserved 1155072K
  class space    used 13715K, capacity 14592K, committed 14632K, reserved 1048576K
}
Event: 1973.783 GC heap before
{Heap before GC invocations=50 (full 4):
 PSYoungGen      total 366592K, used 366570K [0x00000000d6200000, 0x00000000f0480000, 0x0000000100000000)
  eden space 325632K, 100% used [0x00000000d6200000,0x00000000ea000000,0x00000000ea000000)
  from space 40960K, 99% used [0x00000000ed600000,0x00000000efdfa848,0x00000000efe00000)
  to   space 6656K, 0% used [0x00000000efe00000,0x00000000efe00000,0x00000000f0480000)
 ParOldGen       total 161280K, used 109803K [0x0000000082600000, 0x000000008c380000, 0x00000000d6200000)
  object space 161280K, 68% used [0x0000000082600000,0x000000008913af70,0x000000008c380000)
 Metaspace       used 114676K, capacity 120654K, committed 120856K, reserved 1155072K
  class space    used 13715K, capacity 14592K, committed 14632K, reserved 1048576K
Event: 1973.983 GC heap after
Heap after GC invocations=50 (full 4):
 PSYoungGen      total 320000K, used 6625K [0x00000000d6200000, 0x00000000f0c00000, 0x0000000100000000)
  eden space 313344K, 0% used [0x00000000d6200000,0x00000000d6200000,0x00000000e9400000)
  from space 6656K, 99% used [0x00000000efe00000,0x00000000f04784a0,0x00000000f0480000)
  to   space 61440K, 0% used [0x00000000e9400000,0x00000000e9400000,0x00000000ed000000)
 ParOldGen       total 161280K, used 160367K [0x0000000082600000, 0x000000008c380000, 0x00000000d6200000)
  object space 161280K, 99% used [0x0000000082600000,0x000000008c29bf90,0x000000008c380000)
 Metaspace       used 114676K, capacity 120654K, committed 120856K, reserved 1155072K
  class space    used 13715K, capacity 14592K, committed 14632K, reserved 1048576K
}
Event: 1973.985 GC heap before
{Heap before GC invocations=51 (full 5):
 PSYoungGen      total 320000K, used 6625K [0x00000000d6200000, 0x00000000f0c00000, 0x0000000100000000)
  eden space 313344K, 0% used [0x00000000d6200000,0x00000000d6200000,0x00000000e9400000)
  from space 6656K, 99% used [0x00000000efe00000,0x00000000f04784a0,0x00000000f0480000)
  to   space 61440K, 0% used [0x00000000e9400000,0x00000000e9400000,0x00000000ed000000)
 ParOldGen       total 161280K, used 160367K [0x0000000082600000, 0x000000008c380000, 0x00000000d6200000)
  object space 161280K, 99% used [0x0000000082600000,0x000000008c29bf90,0x000000008c380000)
 Metaspace       used 114676K, capacity 120654K, committed 120856K, reserved 1155072K
  class space    used 13715K, capacity 14592K, committed 14632K, reserved 1048576K
Event: 1976.910 GC heap after
Heap after GC invocations=51 (full 5):
 PSYoungGen      total 320000K, used 0K [0x00000000d6200000, 0x00000000f0c00000, 0x0000000100000000)
  eden space 313344K, 0% used [0x00000000d6200000,0x00000000d6200000,0x00000000e9400000)
  from space 6656K, 0% used [0x00000000efe00000,0x00000000efe00000,0x00000000f0480000)
  to   space 61440K, 0% used [0x00000000e9400000,0x00000000e9400000,0x00000000ed000000)
 ParOldGen       total 161280K, used 149872K [0x0000000082600000, 0x000000008c380000, 0x00000000d6200000)
  object space 161280K, 92% used [0x0000000082600000,0x000000008b85c048,0x000000008c380000)
 Metaspace       used 114256K, capacity 119918K, committed 120856K, reserved 1155072K
  class space    used 13642K, capacity 14466K, committed 14632K, reserved 1048576K
}

